<?xml version="1.0" encoding="UTF-8"?>
<!-- Generated by org.testng.reporters.JUnitReportReporter -->
<testsuite skipped="0" hostname="LAPTOP-71EK8G5E" name="com.cucumber.Udemy.AmazonAddtoCart.LoginPageTest" tests="2" failures="0" timestamp="2020-06-07T12:51:55 IST" time="24.114" errors="0">
  <testcase name="LoginPage" time="10.416" classname="com.cucumber.Udemy.AmazonAddtoCart.LoginPageTest"/>
  <system-out/>
  <testcase name="LogintoApp" time="13.698" classname="com.cucumber.Udemy.AmazonAddtoCart.LoginPageTest"/>
  <system-out/>
</testsuite> <!-- com.cucumber.Udemy.AmazonAddtoCart.LoginPageTest -->
